\BOOKMARK [1][-]{section.1}{introduction}{}% 1
\BOOKMARK [2][-]{subsection.1.1}{Setting Up Latex}{section.1}% 2
\BOOKMARK [3][-]{subsubsection.1.1.1}{.log}{subsection.1.1}% 3
\BOOKMARK [1][-]{section.2}{Word Faces}{}% 4
\BOOKMARK [1][-]{section.3}{Environment}{}% 5
\BOOKMARK [2][-]{subsection.3.1}{Bulleted Lists}{section.3}% 6
\BOOKMARK [2][-]{subsection.3.2}{Numbered Lists}{section.3}% 7
\BOOKMARK [2][-]{subsection.3.3}{Description}{section.3}% 8
\BOOKMARK [2][-]{subsection.3.4}{White Spaces}{section.3}% 9
\BOOKMARK [1][-]{section.4}{Tabular Environment}{}% 10
\BOOKMARK [2][-]{subsection.4.1}{Recommendation}{section.4}% 11
\BOOKMARK [2][-]{subsection.4.2}{Spanning Tables}{section.4}% 12
\BOOKMARK [1][-]{section.5}{Photo}{}% 13
\BOOKMARK [1][-]{section.6}{Article}{}% 14
\BOOKMARK [2][-]{subsection.6.1}{Reference Manager Software}{section.6}% 15
\BOOKMARK [1][-]{section.7}{Mathematics}{}% 16
\BOOKMARK [2][-]{subsection.7.1}{Equations}{section.7}% 17
\BOOKMARK [2][-]{subsection.7.2}{Special Characters}{section.7}% 18
\BOOKMARK [1][-]{section.8}{Algorithm}{}% 19
\BOOKMARK [1][-]{section.9}{Clickable Links}{}% 20
\BOOKMARK [2][-]{subsection.9.1}{Article Template}{section.9}% 21
\BOOKMARK [1][-]{section.10}{More Photos}{}% 22
\BOOKMARK [1][-]{section.11}{Parallel Cooperation in LaTeX}{}% 23
\BOOKMARK [1][-]{section.12}{Solving Enumeration Problem}{}% 24
\BOOKMARK [2][-]{subsection.12.1}{First Solution}{section.12}% 25
\BOOKMARK [1][-]{section.13}{conclusion}{}% 26
\BOOKMARK [1][-]{section.14}{References}{}% 27
